(;featClass=None;featGenParams={numBinsPerDim=10, basisFcnsPerDim=41, biasFeatVal=0.1, relWidth=0.062};modelClass=None;initModelWSamples=false;initSampleValue=0.0;numBiasingSamples=0;biasSampleWt=0.5;initWtsValue=0.0;modelAddsBiasFeat=false;wekaModelName=;stepSize=0.05;traceType=replacing;traceDecayFactor=0.0;safeAction=null;selectionMethod=e-greedy;selectionParams={exhaustiveSearchDepth=1, epsilon=0.03, greedyLeafPathLength=0, epsilonAnnealRate=0.9995, treeSearch=false, randomizeSearchDepth=true};envTransModel=null;envRewModel=null;distClass=uniform;creditDelay=0.2;windowSize=0.6;extrapolateFutureRew=true;delayWtedIndivRew=false;noUpdateWhenNoRew=false;hInflParams={})
[4, 0]:[]:[1]:[]:0.0:[]:true:97284.097603
[3, 0]:[]:[2]:[]:-1.0:[]:true:97284.910990
[3, 0]:[]:[3]:[]:-1.0:[]:true:97285.725446
[3, 0]:[]:[1]:[]:-1.0:[]:true:97286.534930
[2, 0]:[]:[1]:[]:-1.0:[]:true:97287.348383
[1, 0]:[]:[2]:[]:-1.0:[]:true:97288.162880
[1, 0]:[]:[0]:[]:-1.0:[]:true:97288.974414
[2, 0]:[]:[1]:[]:-1.0:[]:true:97289.787807
[1, 0]:[]:[0]:[]:-1.0:[]:true:97290.597378
[2, 0]:[]:[2]:[]:-1.0:[]:true:97291.410858
[2, 0]:[]:[1]:[]:-1.0:[]:true:97292.224382
[1, 0]:[]:[1]:[]:-1.0:[{-1.0 @ 97292.234111}]:true:97293.035811
[0, 0]:[]:[1]:[]:-1.0:[{1.0 @ 97293.549490}]:true:97293.850405
[0, 0]:[]:[1]:[]:-1.0:[{-1.0 @ 97294.515938}]:true:97294.659825
[0, 0]:[]:[0]:[]:-1.0:[]:true:97295.474314
[1, 0]:[]:[1]:[]:-1.0:[{-1.0 @ 97296.093351}]:true:97296.287700
[0, 0]:[]:[3]:[]:-1.0:[]:true:97297.097266
[0, 0]:[]:[3]:[]:-1.0:[{-1.0 @ 97297.878323}]:true:97297.910735
[0, 0]:[]:[2]:[]:-1.0:[]:true:97298.724192
[0, 1]:[]:[2]:[]:-1.0:[{1.0 @ 97299.319990}]:true:97299.537699
[0, 2]:[]:[2]:[]:-1.0:[{1.0 @ 97300.127393}]:true:97300.349330
[0, 3]:[]:[2]:[]:-1.0:[{1.0 @ 97300.873867}]:true:97301.162721
[0, 4]:[]:[2]:[]:-1.0:[{1.0 @ 97301.810873}]:true:97301.972200
[0, 5]:[]:[2]:[]:-1.0:[{1.0 @ 97302.589285}]:true:97302.786785
[0, 5]:[]:[2]:[]:-1.0:[{-1.0 @ 97303.437451}]:true:97303.597168
[0, 5]:[]:[1]:[]:-1.0:[]:true:97304.410637
[0, 5]:[]:[1]:[]:-1.0:[{-1.0 @ 97305.077441}]:true:97305.224112
[0, 5]:[]:[3]:[]:-1.0:[]:true:97306.034633
[0, 4]:[]:[2]:[]:-1.0:[{1.0 @ 97306.733401}]:true:97306.848098
[0, 5]:[]:[3]:[]:-1.0:[{-1.0 @ 97307.117310}]:true:97308.175615
[0, 4]:[]:[2]:[]:-1.0:[{-1.0 @ 97308.985298}]:true:97308.987904
[0, 5]:[]:[0]:[]:-1.0:[]:true:97309.802355
[1, 5]:[]:[0]:[]:-1.0:[{1.0 @ 97310.609223}]:true:97310.612720
[2, 5]:[]:[0]:[]:-1.0:[{1.0 @ 97311.218823}]:true:97311.426166
[3, 5]:[]:[0]:[]:-1.0:[{1.0 @ 97311.937272}]:true:97312.239548
[4, 5]:[]:[0]:[]:-1.0:[{1.0 @ 97312.770432}]:true:97313.053088
[5, 5]:[]:[0]:[]:-1.0:[{1.0 @ 97313.657963}]:true:97313.862649
[5, 5]:[]:[0]:[]:-1.0:[{-1.0 @ 97314.547347}]:true:97314.676141
[5, 5]:[]:[2]:[]:-1.0:[]:true:97315.488613
[5, 5]:[]:[2]:[]:-1.0:[{-1.0 @ 97316.162055}]:true:97316.302067
[5, 5]:[]:[1]:[]:-1.0:[]:true:97317.115552
[4, 5]:[]:[0]:[]:-1.0:[{-1.0 @ 97317.697209}]:true:97317.926083
[5, 5]:[]:[3]:[]:-1.0:[]:true:97318.739531
[5, 4]:[]:[3]:[]:-1.0:[{1.0 @ 97319.465136}]:true:97319.553029
[5, 3]:[]:[3]:[]:-1.0:[{1.0 @ 97320.111133}]:true:97320.362553
[5, 2]:[]:[0]:[]:-1.0:[{1.0 @ 97320.905296}]:true:97321.176358
[5, 2]:[]:[3]:[]:-1.0:[{-1.0 @ 97321.753118}]:true:97321.990639
[5, 1]:[]:[3]:[]:-1.0:[]:true:97322.800081
[]:[]:[]:[]:0.0:[]:true:97323.613569

[4, 0]:[]:[3]:[]:0.0:[{1.0 @ 97323.769156}]:true:97328.504032
[4, 0]:[]:[3]:[]:-1.0:[{-1.0 @ 97329.305261}]:true:97329.317570
[4, 0]:[]:[0]:[]:-1.0:[]:true:97330.131072
[4, 0]:[]:[0]:[]:-1.0:[{-1.0 @ 97330.801058}]:true:97330.943494
[4, 0]:[]:[2]:[]:-1.0:[]:true:97331.753210
[4, 0]:[]:[2]:[]:-1.0:[{-1.0 @ 97332.289035}]:true:97332.567449
[4, 0]:[]:[1]:[]:-1.0:[]:true:97333.380957
[3, 0]:[]:[1]:[]:-1.0:[{1.0 @ 97333.913047}]:true:97334.192424
[2, 0]:[]:[1]:[]:-1.0:[{1.0 @ 97334.657004}]:true:97335.005892
[1, 0]:[]:[1]:[]:-1.0:[{1.0 @ 97335.485070}]:true:97335.815535
[0, 0]:[]:[2]:[]:-1.0:[{1.0 @ 97336.329021}]:true:97336.629895
[0, 1]:[]:[2]:[]:-1.0:[{1.0 @ 97337.393044}]:true:97337.443370
[0, 2]:[]:[2]:[]:-1.0:[{1.0 @ 97338.065038}]:true:97338.253890
[0, 3]:[]:[2]:[]:-1.0:[{1.0 @ 97338.827659}]:true:97339.067357
[0, 4]:[]:[0]:[]:-1.0:[{1.0 @ 97339.613058}]:true:97339.880995
[0, 4]:[]:[2]:[]:-1.0:[{-1.0 @ 97340.525011}]:true:97340.690394
[0, 5]:[]:[0]:[]:-1.0:[{1.0 @ 97341.481535}]:true:97341.503993
[1, 5]:[]:[0]:[]:-1.0:[]:true:97342.319932
[2, 5]:[]:[0]:[]:-1.0:[{1.0 @ 97342.389939}, {1.0 @ 97342.905098}]:true:97343.129822
[3, 5]:[]:[0]:[]:-1.0:[{1.0 @ 97343.596960}]:true:97343.941378
[4, 5]:[]:[0]:[]:-1.0:[{1.0 @ 97344.452874}]:true:97344.754794
[5, 5]:[]:[3]:[]:-1.0:[{1.0 @ 97345.309052}]:true:97345.568299
[5, 4]:[]:[3]:[]:-1.0:[{1.0 @ 97346.164904}]:true:97346.377795
[5, 3]:[]:[3]:[]:-1.0:[{1.0 @ 97346.908945}]:true:97347.191258
[5, 2]:[]:[3]:[]:-1.0:[{1.0 @ 97347.740951}]:true:97348.005010
[5, 1]:[]:[3]:[]:-1.0:[{1.0 @ 97348.589133}]:true:97348.818190
[]:[]:[]:[]:0.0:[{1.0 @ 97348.589133}]:true:97349.627747

[4, 0]:[]:[1]:[]:0.0:[]:true:97354.473423
[3, 0]:[]:[1]:[]:-1.0:[{1.0 @ 97355.123846}]:true:97355.284891
[2, 0]:[]:[1]:[]:-1.0:[{1.0 @ 97355.805251}]:true:97356.098373
[1, 0]:[]:[1]:[]:-1.0:[{1.0 @ 97356.572866}]:true:97356.912047
[0, 0]:[]:[2]:[]:-1.0:[{1.0 @ 97357.388884}]:true:97357.721375
[0, 1]:[]:[2]:[]:-1.0:[{1.0 @ 97358.236849}]:true:97358.534841
[0, 2]:[]:[2]:[]:-1.0:[{1.0 @ 97359.012963}]:true:97359.348447
[0, 3]:[]:[2]:[]:-1.0:[{1.0 @ 97359.812833}]:true:97360.159815
[0, 4]:[]:[2]:[]:-1.0:[{1.0 @ 97360.672849}]:true:97360.973480
[0, 5]:[]:[0]:[]:-1.0:[{1.0 @ 97361.468754}]:true:97361.795882
[1, 5]:[]:[0]:[]:-1.0:[{1.0 @ 97362.284787}]:true:97362.596299
[2, 5]:[]:[0]:[]:-1.0:[{1.0 @ 97363.060735}]:true:97363.409862
[3, 5]:[]:[0]:[]:-1.0:[{1.0 @ 97363.857253}]:true:97364.224096
[4, 5]:[]:[0]:[]:-1.0:[{1.0 @ 97364.732771}]:true:97365.035863
[5, 5]:[]:[3]:[]:-1.0:[{1.0 @ 97365.516742}]:true:97365.849266
[5, 4]:[]:[3]:[]:-1.0:[{1.0 @ 97366.357736}]:true:97366.659859
[5, 3]:[]:[3]:[]:-1.0:[{1.0 @ 97367.092760}]:true:97367.473201
[5, 2]:[]:[3]:[]:-1.0:[{1.0 @ 97367.968747}]:true:97368.284827
[5, 1]:[]:[3]:[]:-1.0:[{1.0 @ 97368.756734}]:true:97369.098164
[]:[]:[]:[]:0.0:[{1.0 @ 97368.756734}]:true:97369.911656

[4, 0]:[]:[1]:[]:0.0:[]:true:97374.926231
[3, 0]:[]:[1]:[]:-1.0:[{1.0 @ 97375.436799}]:true:97375.737724
[2, 0]:[]:[1]:[]:-1.0:[{1.0 @ 97376.252276}]:true:97376.551432
[1, 0]:[]:[1]:[]:-1.0:[{1.0 @ 97376.968687}]:true:97377.361810
[0, 0]:[]:[2]:[]:-1.0:[{1.0 @ 97377.808678}]:true:97378.175228
[0, 1]:[]:[2]:[]:-1.0:[{1.0 @ 97378.688710}]:true:97378.988736
[0, 2]:[]:[2]:[]:-1.0:[{1.0 @ 97379.456869}]:true:97379.802171
[0, 3]:[]:[2]:[]:-1.0:[{1.0 @ 97380.256698}]:true:97380.612648
[0, 4]:[]:[2]:[]:-1.0:[{1.0 @ 97381.074554}]:true:97381.426371
[0, 5]:[]:[0]:[]:-1.0:[{1.0 @ 97381.912828}]:true:97382.239675
[1, 5]:[]:[0]:[]:-1.0:[{1.0 @ 97382.736586}]:true:97383.050233
[2, 5]:[]:[0]:[]:-1.0:[{1.0 @ 97383.536811}]:true:97383.862593
[3, 5]:[]:[0]:[]:-1.0:[{1.0 @ 97384.328774}]:true:97384.676071
[4, 5]:[]:[0]:[]:-1.0:[{1.0 @ 97385.089489}]:true:97385.489534
[5, 5]:[]:[3]:[]:-1.0:[{1.0 @ 97385.933383}]:true:97386.299095
[5, 4]:[]:[3]:[]:-1.0:[{1.0 @ 97386.792671}]:true:97387.113603
[5, 3]:[]:[3]:[]:-1.0:[{1.0 @ 97387.584662}]:true:97387.927005
[5, 2]:[]:[3]:[]:-1.0:[{1.0 @ 97388.392549}]:true:97388.736630
[5, 1]:[]:[3]:[]:-1.0:[{1.0 @ 97389.184645}]:true:97389.550008
[]:[]:[]:[]:0.0:[{1.0 @ 97389.184645}]:true:97390.363478

[4, 0]:[]:[1]:[]:0.0:[]:true:97395.174941
[3, 0]:[]:[1]:[]:-1.0:[{1.0 @ 97395.687786}]:true:97395.988536
[2, 0]:[]:[1]:[]:-1.0:[{1.0 @ 97396.450901}]:true:97396.801879
[1, 0]:[]:[1]:[]:-1.0:[{1.0 @ 97397.256542}]:true:97397.611423
[0, 0]:[]:[2]:[]:-1.0:[{1.0 @ 97398.072475}]:true:97398.427772
[0, 1]:[]:[2]:[]:-1.0:[{1.0 @ 97398.896474}]:true:97399.238365
[0, 2]:[]:[2]:[]:-1.0:[{1.0 @ 97399.732331}]:true:97400.052244
[0, 3]:[]:[2]:[]:-1.0:[{1.0 @ 97400.560664}]:true:97400.862349
[0, 4]:[]:[2]:[]:-1.0:[{1.0 @ 97401.344662}]:true:97401.675846
[0, 5]:[]:[0]:[]:-1.0:[{1.0 @ 97402.144422}]:true:97402.489302
[1, 5]:[]:[0]:[]:-1.0:[{1.0 @ 97402.970279}]:true:97403.298833
[2, 5]:[]:[0]:[]:-1.0:[{1.0 @ 97403.724476}]:true:97404.112454
[3, 5]:[]:[0]:[]:-1.0:[{1.0 @ 97404.560464}]:true:97404.926069
[4, 5]:[]:[0]:[]:-1.0:[{1.0 @ 97405.336412}]:true:97405.736298
[5, 5]:[]:[3]:[]:-1.0:[{1.0 @ 97406.044415}]:true:97406.549770
[5, 4]:[]:[3]:[]:-1.0:[{1.0 @ 97406.928874}]:true:97407.363379
[5, 3]:[]:[3]:[]:-1.0:[{1.0 @ 97407.860398}]:true:97408.176761
[5, 2]:[]:[3]:[]:-1.0:[{1.0 @ 97408.624473}]:true:97408.986254
[5, 1]:[]:[3]:[]:-1.0:[{1.0 @ 97409.372479}]:true:97409.799813
[]:[]:[]:[]:0.0:[{1.0 @ 97409.372479}]:true:97410.613288

finished